2019-Jan-14 09:19:58 AM [main] INFO  Main - Validation file is done.
2019-Jan-14 09:20:58 AM [main] INFO  Main - Validation file is done.
2019-Jan-14 09:23:38 AM [main] INFO  Main - Validation file is done.
2019-Jan-14 09:24:02 AM [main] INFO  Main - Validation file is done.
2019-Jan-14 09:26:00 AM [main] INFO  Main - Validation file is done.
2019-Jan-14 09:26:24 AM [main] INFO  Main - Validation file is done.
2019-Jan-14 09:26:31 AM [main] INFO  Main - Validation file is done.
2019-Jan-14 09:26:42 AM [main] INFO  Main - Validation file is done.
2019-Jan-14 09:27:23 AM [main] INFO  Main - Validation file is done.
2019-Jan-14 09:30:57 AM [main] INFO  Main - Validation file is done.
2019-Jan-14 09:31:07 AM [main] INFO  Main - Validation file is done.
2019-Jan-14 09:39:55 AM [main] INFO  Main - Validation file is done.
2019-Jan-14 09:44:16 AM [main] INFO  Main - Validation file is done.
2019-Jan-14 09:44:45 AM [main] INFO  Main - Validation file is done.
2019-Jan-14 09:51:12 AM [main] INFO  Main - Validation file is done.
2019-Jan-14 09:51:28 AM [main] INFO  Main - Validation file is done.
2019-Jan-14 09:51:46 AM [main] INFO  Main - Validation file is done.
2019-Jan-14 09:53:49 AM [main] INFO  Main - Validation file is done.
2019-Jan-14 09:54:04 AM [main] INFO  Main - Validation file is done.
2019-Jan-14 09:54:35 AM [main] INFO  Main - Validation file is fail.
2019-Jan-14 10:06:21 AM [main] INFO  Main - Validation file is done.
2019-Jan-14 10:07:14 AM [main] INFO  Main - Validation file is done.
2019-Jan-14 10:08:37 AM [main] INFO  Main - Error, file not found.
2019-Jan-14 10:11:50 AM [main] INFO  Main - Error, file not found.
2019-Jan-14 10:12:29 AM [main] INFO  Main - Error, file not found.
2019-Jan-14 10:12:31 AM [main] INFO  Main - Error, file not found.
2019-Jan-14 10:12:46 AM [main] INFO  Main - Error, file not found.
2019-Jan-14 10:13:10 AM [main] INFO  Main - Error, file not found.
2019-Jan-14 10:14:31 AM [main] INFO  Main - Error, file not found.
2019-Jan-15 17:15:58 PM [main] INFO  Main - Validation is successful.
2019-Jan-15 17:17:28 PM [main] INFO  Main - Error. File not found.
